This is pdfTeX, Version 3.1415926-2.5-1.40.14 (TeX Live 2013) (format=pdflatex 2013.9.30)  20 OCT 2014 15:25
entering extended mode
 restricted \write18 enabled.
 %&-line parsing enabled.
**avvection_equation.tex
(./avvection_equation.tex
LaTeX2e <2011/06/27>
Babel <3.9f> and hyphenation patterns for 78 languages loaded.
(/usr/local/texlive/2013/texmf-dist/tex/latex/base/article.cls
Document Class: article 2007/10/19 v1.4h Standard LaTeX document class
(/usr/local/texlive/2013/texmf-dist/tex/latex/base/size11.clo
File: size11.clo 2007/10/19 v1.4h Standard LaTeX file (size option)
)
\c@part=\count79
\c@section=\count80
\c@subsection=\count81
\c@subsubsection=\count82
\c@paragraph=\count83
\c@subparagraph=\count84
\c@figure=\count85
\c@table=\count86
\abovecaptionskip=\skip41
\belowcaptionskip=\skip42
\bibindent=\dimen102
)
(/usr/local/texlive/2013/texmf-dist/tex/latex/base/fontenc.sty
Package: fontenc 2005/09/27 v1.99g Standard LaTeX package

(/usr/local/texlive/2013/texmf-dist/tex/latex/base/t1enc.def
File: t1enc.def 2005/09/27 v1.99g Standard LaTeX file
LaTeX Font Info:    Redeclaring font encoding T1 on input line 43.
))
(/usr/local/texlive/2013/texmf-dist/tex/latex/fundus-calligra/calligra.sty
Package: calligra 2012/04/10 v1.9 LaTeX package calligra
)
(/usr/local/texlive/2013/texmf-dist/tex/latex/base/makeidx.sty
Package: makeidx 2000/03/29 v1.0m Standard LaTeX package
)
(/usr/local/texlive/2013/texmf-dist/tex/latex/hyperref/hyperref.sty
Package: hyperref 2012/11/06 v6.83m Hypertext links for LaTeX

(/usr/local/texlive/2013/texmf-dist/tex/generic/oberdiek/hobsub-hyperref.sty
Package: hobsub-hyperref 2012/05/28 v1.13 Bundle oberdiek, subset hyperref (HO)


(/usr/local/texlive/2013/texmf-dist/tex/generic/oberdiek/hobsub-generic.sty
Package: hobsub-generic 2012/05/28 v1.13 Bundle oberdiek, subset generic (HO)
Package: hobsub 2012/05/28 v1.13 Construct package bundles (HO)
Package: infwarerr 2010/04/08 v1.3 Providing info/warning/error messages (HO)
Package: ltxcmds 2011/11/09 v1.22 LaTeX kernel commands for general use (HO)
Package: ifluatex 2010/03/01 v1.3 Provides the ifluatex switch (HO)
Package ifluatex Info: LuaTeX not detected.
Package: ifvtex 2010/03/01 v1.5 Detect VTeX and its facilities (HO)
Package ifvtex Info: VTeX not detected.
Package: intcalc 2007/09/27 v1.1 Expandable calculations with integers (HO)
Package: ifpdf 2011/01/30 v2.3 Provides the ifpdf switch (HO)
Package ifpdf Info: pdfTeX in PDF mode is detected.
Package: etexcmds 2011/02/16 v1.5 Avoid name clashes with e-TeX commands (HO)
Package etexcmds Info: Could not find \expanded.
(etexcmds)             That can mean that you are not using pdfTeX 1.50 or
(etexcmds)             that some package has redefined \expanded.
(etexcmds)             In the latter case, load this package earlier.
Package: kvsetkeys 2012/04/25 v1.16 Key value parser (HO)
Package: kvdefinekeys 2011/04/07 v1.3 Define keys (HO)
Package: pdftexcmds 2011/11/29 v0.20 Utility functions of pdfTeX for LuaTeX (HO
)
Package pdftexcmds Info: LuaTeX not detected.
Package pdftexcmds Info: \pdf@primitive is available.
Package pdftexcmds Info: \pdf@ifprimitive is available.
Package pdftexcmds Info: \pdfdraftmode found.
Package: pdfescape 2011/11/25 v1.13 Implements pdfTeX's escape features (HO)
Package: bigintcalc 2012/04/08 v1.3 Expandable calculations on big integers (HO
)
Package: bitset 2011/01/30 v1.1 Handle bit-vector datatype (HO)
Package: uniquecounter 2011/01/30 v1.2 Provide unlimited unique counter (HO)
)
Package hobsub Info: Skipping package `hobsub' (already loaded).
Package: letltxmacro 2010/09/02 v1.4 Let assignment for LaTeX macros (HO)
Package: hopatch 2012/05/28 v1.2 Wrapper for package hooks (HO)
Package: xcolor-patch 2011/01/30 xcolor patch
Package: atveryend 2011/06/30 v1.8 Hooks at the very end of document (HO)
Package atveryend Info: \enddocument detected (standard20110627).
Package: atbegshi 2011/10/05 v1.16 At begin shipout hook (HO)
Package: refcount 2011/10/16 v3.4 Data extraction from label references (HO)
Package: hycolor 2011/01/30 v1.7 Color options for hyperref/bookmark (HO)
)
(/usr/local/texlive/2013/texmf-dist/tex/latex/graphics/keyval.sty
Package: keyval 1999/03/16 v1.13 key=value parser (DPC)
\KV@toks@=\toks14
)
(/usr/local/texlive/2013/texmf-dist/tex/generic/ifxetex/ifxetex.sty
Package: ifxetex 2010/09/12 v0.6 Provides ifxetex conditional
)
(/usr/local/texlive/2013/texmf-dist/tex/latex/oberdiek/auxhook.sty
Package: auxhook 2011/03/04 v1.3 Hooks for auxiliary files (HO)
)
(/usr/local/texlive/2013/texmf-dist/tex/latex/oberdiek/kvoptions.sty
Package: kvoptions 2011/06/30 v3.11 Key value format for package options (HO)
)
\@linkdim=\dimen103
\Hy@linkcounter=\count87
\Hy@pagecounter=\count88

(/usr/local/texlive/2013/texmf-dist/tex/latex/hyperref/pd1enc.def
File: pd1enc.def 2012/11/06 v6.83m Hyperref: PDFDocEncoding definition (HO)
)
\Hy@SavedSpaceFactor=\count89

(/usr/local/texlive/2013/texmf-dist/tex/latex/latexconfig/hyperref.cfg
File: hyperref.cfg 2002/06/06 v1.2 hyperref configuration of TeXLive
)
Package hyperref Info: Hyper figures OFF on input line 4443.
Package hyperref Info: Link nesting OFF on input line 4448.
Package hyperref Info: Hyper index ON on input line 4451.
Package hyperref Info: Plain pages OFF on input line 4458.
Package hyperref Info: Backreferencing OFF on input line 4463.
Package hyperref Info: Implicit mode ON; LaTeX internals redefined.
Package hyperref Info: Bookmarks ON on input line 4688.
\c@Hy@tempcnt=\count90

(/usr/local/texlive/2013/texmf-dist/tex/latex/url/url.sty
\Urlmuskip=\muskip10
Package: url 2006/04/12  ver 3.3  Verb mode for urls, etc.
)
LaTeX Info: Redefining \url on input line 5041.
\XeTeXLinkMargin=\dimen104
\Fld@menulength=\count91
\Field@Width=\dimen105
\Fld@charsize=\dimen106
Package hyperref Info: Hyper figures OFF on input line 6295.
Package hyperref Info: Link nesting OFF on input line 6300.
Package hyperref Info: Hyper index ON on input line 6303.
Package hyperref Info: backreferencing OFF on input line 6310.
Package hyperref Info: Link coloring OFF on input line 6315.
Package hyperref Info: Link coloring with OCG OFF on input line 6320.
Package hyperref Info: PDF/A mode OFF on input line 6325.
LaTeX Info: Redefining \ref on input line 6365.
LaTeX Info: Redefining \pageref on input line 6369.
\Hy@abspage=\count92
\c@Item=\count93
\c@Hfootnote=\count94
)

Package hyperref Message: Driver (autodetected): hpdftex.

(/usr/local/texlive/2013/texmf-dist/tex/latex/hyperref/hpdftex.def
File: hpdftex.def 2012/11/06 v6.83m Hyperref driver for pdfTeX
\Fld@listcount=\count95
\c@bookmark@seq@number=\count96

(/usr/local/texlive/2013/texmf-dist/tex/latex/oberdiek/rerunfilecheck.sty
Package: rerunfilecheck 2011/04/15 v1.7 Rerun checks for auxiliary files (HO)
Package uniquecounter Info: New unique counter `rerunfilecheck' on input line 2
82.
)
\Hy@SectionHShift=\skip43
)
(/usr/local/texlive/2013/texmf-dist/tex/latex/amsmath/amsmath.sty
Package: amsmath 2013/01/14 v2.14 AMS math features
\@mathmargin=\skip44

For additional information on amsmath, use the `?' option.
(/usr/local/texlive/2013/texmf-dist/tex/latex/amsmath/amstext.sty
Package: amstext 2000/06/29 v2.01

(/usr/local/texlive/2013/texmf-dist/tex/latex/amsmath/amsgen.sty
File: amsgen.sty 1999/11/30 v2.0
\@emptytoks=\toks15
\ex@=\dimen107
))
(/usr/local/texlive/2013/texmf-dist/tex/latex/amsmath/amsbsy.sty
Package: amsbsy 1999/11/29 v1.2d
\pmbraise@=\dimen108
)
(/usr/local/texlive/2013/texmf-dist/tex/latex/amsmath/amsopn.sty
Package: amsopn 1999/12/14 v2.01 operator names
)
\inf@bad=\count97
LaTeX Info: Redefining \frac on input line 210.
\uproot@=\count98
\leftroot@=\count99
LaTeX Info: Redefining \overline on input line 306.
\classnum@=\count100
\DOTSCASE@=\count101
LaTeX Info: Redefining \ldots on input line 378.
LaTeX Info: Redefining \dots on input line 381.
LaTeX Info: Redefining \cdots on input line 466.
\Mathstrutbox@=\box26
\strutbox@=\box27
\big@size=\dimen109
LaTeX Font Info:    Redeclaring font encoding OML on input line 566.
LaTeX Font Info:    Redeclaring font encoding OMS on input line 567.
\macc@depth=\count102
\c@MaxMatrixCols=\count103
\dotsspace@=\muskip11
\c@parentequation=\count104
\dspbrk@lvl=\count105
\tag@help=\toks16
\row@=\count106
\column@=\count107
\maxfields@=\count108
\andhelp@=\toks17
\eqnshift@=\dimen110
\alignsep@=\dimen111
\tagshift@=\dimen112
\tagwidth@=\dimen113
\totwidth@=\dimen114
\lineht@=\dimen115
\@envbody=\toks18
\multlinegap=\skip45
\multlinetaggap=\skip46
\mathdisplay@stack=\toks19
LaTeX Info: Redefining \[ on input line 2665.
LaTeX Info: Redefining \] on input line 2666.
)
(/usr/local/texlive/2013/texmf-dist/tex/latex/amsfonts/amsfonts.sty
Package: amsfonts 2013/01/14 v3.01 Basic AMSFonts support
\symAMSa=\mathgroup4
\symAMSb=\mathgroup5
LaTeX Font Info:    Overwriting math alphabet `\mathfrak' in version `bold'
(Font)                  U/euf/m/n --> U/euf/b/n on input line 106.
)
(/usr/local/texlive/2013/texmf-dist/tex/latex/amsfonts/amssymb.sty
Package: amssymb 2013/01/14 v3.01 AMS font symbols
)
(/usr/local/texlive/2013/texmf-dist/tex/latex/graphics/graphicx.sty
Package: graphicx 1999/02/16 v1.0f Enhanced LaTeX Graphics (DPC,SPQR)

(/usr/local/texlive/2013/texmf-dist/tex/latex/graphics/graphics.sty
Package: graphics 2009/02/05 v1.0o Standard LaTeX Graphics (DPC,SPQR)

(/usr/local/texlive/2013/texmf-dist/tex/latex/graphics/trig.sty
Package: trig 1999/03/16 v1.09 sin cos tan (DPC)
)
(/usr/local/texlive/2013/texmf-dist/tex/latex/latexconfig/graphics.cfg
File: graphics.cfg 2010/04/23 v1.9 graphics configuration of TeX Live
)
Package graphics Info: Driver file: pdftex.def on input line 91.

(/usr/local/texlive/2013/texmf-dist/tex/latex/pdftex-def/pdftex.def
File: pdftex.def 2011/05/27 v0.06d Graphics/color for pdfTeX
\Gread@gobject=\count109
))
\Gin@req@height=\dimen116
\Gin@req@width=\dimen117
)
(/usr/local/texlive/2013/texmf-dist/tex/latex/wrapfig/wrapfig.sty
\wrapoverhang=\dimen118
\WF@size=\dimen119
\c@WF@wrappedlines=\count110
\WF@box=\box28
\WF@everypar=\toks20
Package: wrapfig 2003/01/31  v 3.6
)
(/usr/local/texlive/2013/texmf-dist/tex/latex/tools/enumerate.sty
Package: enumerate 1999/03/05 v3.00 enumerate extensions (DPC)
\@enLab=\toks21
)
(/usr/local/texlive/2013/texmf-dist/tex/latex/subfigure/subfigure.sty
Package: subfigure 2002/03/15 v2.1.5 subfigure package
\subfigtopskip=\skip47
\subfigcapskip=\skip48
\subfigcaptopadj=\dimen120
\subfigbottomskip=\skip49
\subfigcapmargin=\dimen121
\subfiglabelskip=\skip50
\c@subfigure=\count111
\c@lofdepth=\count112
\c@subtable=\count113
\c@lotdepth=\count114

****************************************
* Local config file subfigure.cfg used *
****************************************
(/usr/local/texlive/2013/texmf-dist/tex/latex/subfigure/subfigure.cfg)
\subfig@top=\skip51
\subfig@bottom=\skip52
)
(/usr/local/texlive/2013/texmf-dist/tex/latex/fancyhdr/fancyhdr.sty
\fancy@headwidth=\skip53
\f@ncyO@elh=\skip54
\f@ncyO@erh=\skip55
\f@ncyO@olh=\skip56
\f@ncyO@orh=\skip57
\f@ncyO@elf=\skip58
\f@ncyO@erf=\skip59
\f@ncyO@olf=\skip60
\f@ncyO@orf=\skip61
)
(/usr/local/texlive/2013/texmf-dist/tex/latex/amscls/amsthm.sty
Package: amsthm 2004/08/06 v2.20
\thm@style=\toks22
\thm@bodyfont=\toks23
\thm@headfont=\toks24
\thm@notefont=\toks25
\thm@headpunct=\toks26
\thm@preskip=\skip62
\thm@postskip=\skip63
\thm@headsep=\skip64
\dth@everypar=\toks27
)
(/usr/local/texlive/2013/texmf-dist/tex/latex/geometry/geometry.sty
Package: geometry 2010/09/12 v5.6 Page Geometry
\Gm@cnth=\count115
\Gm@cntv=\count116
\c@Gm@tempcnt=\count117
\Gm@bindingoffset=\dimen122
\Gm@wd@mp=\dimen123
\Gm@odd@mp=\dimen124
\Gm@even@mp=\dimen125
\Gm@layoutwidth=\dimen126
\Gm@layoutheight=\dimen127
\Gm@layouthoffset=\dimen128
\Gm@layoutvoffset=\dimen129
\Gm@dimlist=\toks28
)
(./avvection_equation.aux)
\openout1 = `avvection_equation.aux'.

LaTeX Font Info:    Checking defaults for OML/cmm/m/it on input line 21.
LaTeX Font Info:    ... okay on input line 21.
LaTeX Font Info:    Checking defaults for T1/cmr/m/n on input line 21.
LaTeX Font Info:    ... okay on input line 21.
LaTeX Font Info:    Checking defaults for OT1/cmr/m/n on input line 21.
LaTeX Font Info:    ... okay on input line 21.
LaTeX Font Info:    Checking defaults for OMS/cmsy/m/n on input line 21.
LaTeX Font Info:    ... okay on input line 21.
LaTeX Font Info:    Checking defaults for OMX/cmex/m/n on input line 21.
LaTeX Font Info:    ... okay on input line 21.
LaTeX Font Info:    Checking defaults for U/cmr/m/n on input line 21.
LaTeX Font Info:    ... okay on input line 21.
LaTeX Font Info:    Checking defaults for PD1/pdf/m/n on input line 21.
LaTeX Font Info:    ... okay on input line 21.
\AtBeginShipoutBox=\box29
Package hyperref Info: Link coloring OFF on input line 21.

(/usr/local/texlive/2013/texmf-dist/tex/latex/hyperref/nameref.sty
Package: nameref 2012/10/27 v2.43 Cross-referencing by name of section

(/usr/local/texlive/2013/texmf-dist/tex/generic/oberdiek/gettitlestring.sty
Package: gettitlestring 2010/12/03 v1.4 Cleanup title references (HO)
)
\c@section@level=\count118
)
LaTeX Info: Redefining \ref on input line 21.
LaTeX Info: Redefining \pageref on input line 21.
LaTeX Info: Redefining \nameref on input line 21.

(./avvection_equation.out) (./avvection_equation.out)
\@outlinefile=\write3
\openout3 = `avvection_equation.out'.


(/usr/local/texlive/2013/texmf-dist/tex/context/base/supp-pdf.mkii
[Loading MPS to PDF converter (version 2006.09.02).]
\scratchcounter=\count119
\scratchdimen=\dimen130
\scratchbox=\box30
\nofMPsegments=\count120
\nofMParguments=\count121
\everyMPshowfont=\toks29
\MPscratchCnt=\count122
\MPscratchDim=\dimen131
\MPnumerator=\count123
\makeMPintoPDFobject=\count124
\everyMPtoPDFconversion=\toks30
) (/usr/local/texlive/2013/texmf-dist/tex/latex/oberdiek/epstopdf-base.sty
Package: epstopdf-base 2010/02/09 v2.5 Base part for package epstopdf

(/usr/local/texlive/2013/texmf-dist/tex/latex/oberdiek/grfext.sty
Package: grfext 2010/08/19 v1.1 Manage graphics extensions (HO)
)
Package grfext Info: Graphics extension search list:
(grfext)             [.png,.pdf,.jpg,.mps,.jpeg,.jbig2,.jb2,.PNG,.PDF,.JPG,.JPE
G,.JBIG2,.JB2,.eps]
(grfext)             \AppendGraphicsExtensions on input line 452.

(/usr/local/texlive/2013/texmf-dist/tex/latex/latexconfig/epstopdf-sys.cfg
File: epstopdf-sys.cfg 2010/07/13 v1.3 Configuration of (r)epstopdf for TeX Liv
e
))
*geometry* driver: auto-detecting
*geometry* detected driver: pdftex
*geometry* verbose mode - [ preamble ] result:
* driver: pdftex
* paper: a4paper
* layout: <same size as paper>
* layoutoffset:(h,v)=(0.0pt,0.0pt)
* bindingoffset: 28.45274pt
* modes: 
* h-part:(L,W,R)=(42.67912pt, 441.01775pt, 85.35826pt)
* v-part:(T,H,B)=(85.35826pt, 674.33032pt, 85.35826pt)
* \paperwidth=597.50787pt
* \paperheight=845.04684pt
* \textwidth=441.01775pt
* \textheight=674.33032pt
* \oddsidemargin=-1.13812pt
* \evensidemargin=-29.59087pt
* \topmargin=-23.91173pt
* \headheight=12.0pt
* \headsep=25.0pt
* \topskip=11.0pt
* \footskip=30.0pt
* \marginparwidth=50.0pt
* \marginparsep=10.0pt
* \columnsep=10.0pt
* \skip\footins=10.0pt plus 4.0pt minus 2.0pt
* \hoffset=0.0pt
* \voffset=0.0pt
* \mag=1000
* \@twocolumnfalse
* \@twosidefalse
* \@mparswitchfalse
* \@reversemarginfalse
* (1in=72.27pt=25.4mm, 1cm=28.453pt)

LaTeX Font Info:    Try loading font information for U+msa on input line 26.
(/usr/local/texlive/2013/texmf-dist/tex/latex/amsfonts/umsa.fd
File: umsa.fd 2013/01/14 v3.01 AMS symbols A
)
LaTeX Font Info:    Try loading font information for U+msb on input line 26.

(/usr/local/texlive/2013/texmf-dist/tex/latex/amsfonts/umsb.fd
File: umsb.fd 2013/01/14 v3.01 AMS symbols B
)
<gauss.pdf, id=20, 849.1725pt x 596.2275pt>
File: gauss.pdf Graphic file (type pdf)
 <use gauss.pdf>
Package pdftex.def Info: gauss.pdf used on input line 50.
(pdftex.def)             Requested size: 212.2926pt x 149.0565pt.

<sw.pdf, id=22, 849.1725pt x 596.2275pt>
File: sw.pdf Graphic file (type pdf)
 <use sw.pdf>
Package pdftex.def Info: sw.pdf used on input line 53.
(pdftex.def)             Requested size: 212.2926pt x 149.0565pt.
 [1

{/usr/local/texlive/2013/texmf-var/fonts/map/pdftex/updmap/pdftex.map} <./gauss
.pdf> <./sw.pdf>]
<ftcs_t10_cf05.pdf, id=62, 849.1725pt x 596.2275pt>
File: ftcs_t10_cf05.pdf Graphic file (type pdf)
 <use ftcs_t10_cf05.pdf>
Package pdftex.def Info: ftcs_t10_cf05.pdf used on input line 84.
(pdftex.def)             Requested size: 212.2926pt x 149.0565pt.

<ftcs_t20_cf05.pdf, id=63, 849.1725pt x 596.2275pt>
File: ftcs_t20_cf05.pdf Graphic file (type pdf)
 <use ftcs_t20_cf05.pdf>
Package pdftex.def Info: ftcs_t20_cf05.pdf used on input line 86.
(pdftex.def)             Requested size: 212.2926pt x 149.0565pt.

<ftcs_t10_cf1.pdf, id=64, 849.1725pt x 596.2275pt>
File: ftcs_t10_cf1.pdf Graphic file (type pdf)
 <use ftcs_t10_cf1.pdf>
Package pdftex.def Info: ftcs_t10_cf1.pdf used on input line 93.
(pdftex.def)             Requested size: 212.2926pt x 149.0565pt.

<ftcs_t20_cf1.pdf, id=65, 849.1725pt x 596.2275pt>
File: ftcs_t20_cf1.pdf Graphic file (type pdf)
 <use ftcs_t20_cf1.pdf>
Package pdftex.def Info: ftcs_t20_cf1.pdf used on input line 95.
(pdftex.def)             Requested size: 212.2926pt x 149.0565pt.

<L2norm_ftcs.pdf, id=66, 849.1725pt x 596.2275pt>
File: L2norm_ftcs.pdf Graphic file (type pdf)
 <use L2norm_ftcs.pdf>
Package pdftex.def Info: L2norm_ftcs.pdf used on input line 101.
(pdftex.def)             Requested size: 339.66298pt x 238.48677pt.

<ftcs_sw_tTSTEP.pdf, id=68, 849.1725pt x 596.2275pt>
File: ftcs_sw_tTSTEP.pdf Graphic file (type pdf)
 <use ftcs_sw_tTSTEP.pdf>
Package pdftex.def Info: ftcs_sw_tTSTEP.pdf used on input line 110.
(pdftex.def)             Requested size: 212.2926pt x 149.0565pt.

<ftcs_t1_sw.pdf, id=69, 849.1725pt x 596.2275pt>
File: ftcs_t1_sw.pdf Graphic file (type pdf)
 <use ftcs_t1_sw.pdf>
Package pdftex.def Info: ftcs_t1_sw.pdf used on input line 112.
(pdftex.def)             Requested size: 212.2926pt x 149.0565pt.

<L2norm_ftcs_sw.pdf, id=70, 849.1725pt x 596.2275pt>
File: L2norm_ftcs_sw.pdf Graphic file (type pdf)
 <use L2norm_ftcs_sw.pdf>
Package pdftex.def Info: L2norm_ftcs_sw.pdf used on input line 119.
(pdftex.def)             Requested size: 339.66298pt x 238.48677pt.

Underfull \hbox (badness 10000) in paragraph at lines 79--123

 []


Underfull \hbox (badness 10000) in paragraph at lines 79--123

 []


Underfull \hbox (badness 10000) in paragraph at lines 79--123

 []


LaTeX Warning: `!h' float specifier changed to `!ht'.

[2 <./ftcs_t10_cf05.pdf> <./ftcs_t20_cf05.pdf>]

LaTeX Warning: `!h' float specifier changed to `!ht'.


LaTeX Warning: `!h' float specifier changed to `!ht'.

[3 <./ftcs_t10_cf1.pdf> <./ftcs_t20_cf1.pdf> <./L2norm_ftcs.pdf>]
<good_img/lf_cf05_t10_g.pdf, id=122, 849.1725pt x 596.2275pt>
File: good_img/lf_cf05_t10_g.pdf Graphic file (type pdf)

<use good_img/lf_cf05_t10_g.pdf>
Package pdftex.def Info: good_img/lf_cf05_t10_g.pdf used on input line 133.
(pdftex.def)             Requested size: 212.2926pt x 149.0565pt.

<good_img/lf_cf05_t20_g.pdf, id=123, 849.1725pt x 596.2275pt>
File: good_img/lf_cf05_t20_g.pdf Graphic file (type pdf)

<use good_img/lf_cf05_t20_g.pdf>
Package pdftex.def Info: good_img/lf_cf05_t20_g.pdf used on input line 135.
(pdftex.def)             Requested size: 212.2926pt x 149.0565pt.

<good_img/lf_cf1_t10_g.pdf, id=124, 849.1725pt x 596.2275pt>
File: good_img/lf_cf1_t10_g.pdf Graphic file (type pdf)

<use good_img/lf_cf1_t10_g.pdf>
Package pdftex.def Info: good_img/lf_cf1_t10_g.pdf used on input line 137.
(pdftex.def)             Requested size: 212.2926pt x 149.0565pt.

<good_img/lf_cf1_t20_g.pdf, id=125, 849.1725pt x 596.2275pt>
File: good_img/lf_cf1_t20_g.pdf Graphic file (type pdf)

<use good_img/lf_cf1_t20_g.pdf>
Package pdftex.def Info: good_img/lf_cf1_t20_g.pdf used on input line 139.
(pdftex.def)             Requested size: 212.2926pt x 149.0565pt.

<good_img/lf_cf05_dx01_s.pdf, id=126, 849.1725pt x 596.2275pt>
File: good_img/lf_cf05_dx01_s.pdf Graphic file (type pdf)

<use good_img/lf_cf05_dx01_s.pdf>
Package pdftex.def Info: good_img/lf_cf05_dx01_s.pdf used on input line 147.
(pdftex.def)             Requested size: 212.2926pt x 149.0565pt.

<good_img/lf_cf05_dx001_s.pdf, id=127, 849.1725pt x 596.2275pt>
File: good_img/lf_cf05_dx001_s.pdf Graphic file (type pdf)

<use good_img/lf_cf05_dx001_s.pdf>
Package pdftex.def Info: good_img/lf_cf05_dx001_s.pdf used on input line 149.
(pdftex.def)             Requested size: 212.2926pt x 149.0565pt.

<good_img/lf_cf1_t10_dx01_s.pdf, id=128, 849.1725pt x 596.2275pt>
File: good_img/lf_cf1_t10_dx01_s.pdf Graphic file (type pdf)

<use good_img/lf_cf1_t10_dx01_s.pdf>
Package pdftex.def Info: good_img/lf_cf1_t10_dx01_s.pdf used on input line 155.

(pdftex.def)             Requested size: 212.2926pt x 149.0565pt.

<good_img/lf_cf1_t20_s.pdf, id=129, 849.1725pt x 596.2275pt>
File: good_img/lf_cf1_t20_s.pdf Graphic file (type pdf)

<use good_img/lf_cf1_t20_s.pdf>
Package pdftex.def Info: good_img/lf_cf1_t20_s.pdf used on input line 157.
(pdftex.def)             Requested size: 212.2926pt x 149.0565pt.


LaTeX Warning: `!h' float specifier changed to `!ht'.


LaTeX Warning: `!h' float specifier changed to `!ht'.

[4 <./ftcs_sw_tTSTEP.pdf> <./ftcs_t1_sw.pdf> <./L2norm_ftcs_sw.pdf>]

LaTeX Warning: `!h' float specifier changed to `!ht'.

[5 <./good_img/lf_cf05_t10_g.pdf> <./good_img/lf_cf05_t20_g.pdf> <./good_img/lf
_cf1_t10_g.pdf> <./good_img/lf_cf1_t20_g.pdf> <./good_img/lf_cf05_dx01_s.pdf> <
./good_img/lf_cf05_dx001_s.pdf>]
<good_img/lxfr_cf05_t10_g.pdf, id=202, 849.1725pt x 596.2275pt>
File: good_img/lxfr_cf05_t10_g.pdf Graphic file (type pdf)

<use good_img/lxfr_cf05_t10_g.pdf>
Package pdftex.def Info: good_img/lxfr_cf05_t10_g.pdf used on input line 169.
(pdftex.def)             Requested size: 212.2926pt x 149.0565pt.

<good_img/lxfr_cf05_t20_g.pdf, id=203, 849.1725pt x 596.2275pt>
File: good_img/lxfr_cf05_t20_g.pdf Graphic file (type pdf)

<use good_img/lxfr_cf05_t20_g.pdf>
Package pdftex.def Info: good_img/lxfr_cf05_t20_g.pdf used on input line 171.
(pdftex.def)             Requested size: 212.2926pt x 149.0565pt.

<good_img/lxfr_cf1_t10_g.pdf, id=204, 849.1725pt x 596.2275pt>
File: good_img/lxfr_cf1_t10_g.pdf Graphic file (type pdf)

<use good_img/lxfr_cf1_t10_g.pdf>
Package pdftex.def Info: good_img/lxfr_cf1_t10_g.pdf used on input line 173.
(pdftex.def)             Requested size: 212.2926pt x 149.0565pt.

<good_img/lxfr_cf1_t20_g.pdf, id=205, 849.1725pt x 596.2275pt>
File: good_img/lxfr_cf1_t20_g.pdf Graphic file (type pdf)

<use good_img/lxfr_cf1_t20_g.pdf>
Package pdftex.def Info: good_img/lxfr_cf1_t20_g.pdf used on input line 175.
(pdftex.def)             Requested size: 212.2926pt x 149.0565pt.
 [6 <./good_img/lf_cf1_t10_dx01_s.pdf> <./good_img/lf_cf1_t20_s.pdf> <./good_im
g/lxfr_cf05_t10_g.pdf> <./good_img/lxfr_cf05_t20_g.pdf> <./good_img/lxfr_cf1_t1
0_g.pdf> <./good_img/lxfr_cf1_t20_g.pdf>]
Package atveryend Info: Empty hook `BeforeClearDocument' on input line 179.

[7]
Package atveryend Info: Empty hook `AfterLastShipout' on input line 179.
 (./avvection_equation.aux)
Package atveryend Info: Executing hook `AtVeryEndDocument' on input line 179.
Package atveryend Info: Executing hook `AtEndAfterFileList' on input line 179.
Package rerunfilecheck Info: File `avvection_equation.out' has not changed.
(rerunfilecheck)             Checksum: EFD1EE68CC032D69D3E2CB794E02A717;211.
Package atveryend Info: Empty hook `AtVeryVeryEnd' on input line 179.
 ) 
Here is how much of TeX's memory you used:
 7186 strings out of 493315
 102561 string characters out of 6137904
 192701 words of memory out of 5000000
 10478 multiletter control sequences out of 15000+600000
 18851 words of font info for 56 fonts, out of 8000000 for 9000
 957 hyphenation exceptions out of 8191
 29i,9n,43p,519b,361s stack positions out of 5000i,500n,10000p,200000b,80000s
{/usr/local/texlive/2013/texmf-dist/fonts/enc/dvips/cm-super/cm-super-t1.enc}
</usr/local/texlive/2013/texmf-dist/fonts/type1/public/amsfonts/cm/cmex10.pfb><
/usr/local/texlive/2013/texmf-dist/fonts/type1/public/amsfonts/cm/cmmi10.pfb></
usr/local/texlive/2013/texmf-dist/fonts/type1/public/amsfonts/cm/cmmi6.pfb></us
r/local/texlive/2013/texmf-dist/fonts/type1/public/amsfonts/cm/cmmi8.pfb></usr/
local/texlive/2013/texmf-dist/fonts/type1/public/amsfonts/cm/cmmi9.pfb></usr/lo
cal/texlive/2013/texmf-dist/fonts/type1/public/amsfonts/cm/cmr10.pfb></usr/loca
l/texlive/2013/texmf-dist/fonts/type1/public/amsfonts/cm/cmr8.pfb></usr/local/t
exlive/2013/texmf-dist/fonts/type1/public/amsfonts/cm/cmr9.pfb></usr/local/texl
ive/2013/texmf-dist/fonts/type1/public/amsfonts/cm/cmsy10.pfb></usr/local/texli
ve/2013/texmf-dist/fonts/type1/public/amsfonts/cm/cmsy8.pfb></usr/local/texlive
/2013/texmf-dist/fonts/type1/public/cm-super/sfbx1440.pfb></usr/local/texlive/2
013/texmf-dist/fonts/type1/public/cm-super/sfrm0900.pfb></usr/local/texlive/201
3/texmf-dist/fonts/type1/public/cm-super/sfrm1095.pfb></usr/local/texlive/2013/
texmf-dist/fonts/type1/public/cm-super/sfrm1200.pfb></usr/local/texlive/2013/te
xmf-dist/fonts/type1/public/cm-super/sfrm1728.pfb></usr/local/texlive/2013/texm
f-dist/fonts/type1/public/cm-super/sfti1095.pfb>
Output written on avvection_equation.pdf (7 pages, 1246545 bytes).
PDF statistics:
 324 PDF objects out of 1000 (max. 8388607)
 252 compressed objects within 3 object streams
 45 named destinations out of 1000 (max. 500000)
 143 words of extra memory for PDF output out of 10000 (max. 10000000)

